0 info it worked if it ends with ok
1 verbose cli [ 'C:\\Program Files\\nodejs\\node.exe',
1 verbose cli   'C:\\Program Files\\nodejs\\node_modules\\npm\\bin\\npm-cli.js',
1 verbose cli   'run',
1 verbose cli   'server' ]
2 info using npm@3.4.0
3 info using node@v4.2.1
4 verbose run-script [ 'preserver', 'server', 'postserver' ]
5 info lifecycle speech-kurento-client@1.0.0~preserver: speech-kurento-client@1.0.0
6 silly lifecycle speech-kurento-client@1.0.0~preserver: no script for preserver, continuing
7 info lifecycle speech-kurento-client@1.0.0~server: speech-kurento-client@1.0.0
8 verbose lifecycle speech-kurento-client@1.0.0~server: unsafe-perm in lifecycle true
9 verbose lifecycle speech-kurento-client@1.0.0~server: PATH: C:\Program Files\nodejs\node_modules\npm\bin\node-gyp-bin;C:\Users\Seibe\Documents\GitHub\Speech\KurentoClient\node_modules\.bin;C:\Program Files\Java\jdk1.8.0_66\bin;C:\PROGRAM FILES (X86)\INTEL\ICLS CLIENT\;C:\PROGRAM FILES\INTEL\ICLS CLIENT\;C:\WINDOWS\SYSTEM32;C:\WINDOWS;C:\WINDOWS\SYSTEM32\WBEM;C:\WINDOWS\SYSTEM32\WINDOWSPOWERSHELL\V1.0\;;C:\PROGRAM FILES\INTEL\INTEL(R) MANAGEMENT ENGINE COMPONENTS\DAL;C:\PROGRAM FILES\INTEL\INTEL(R) MANAGEMENT ENGINE COMPONENTS\IPT;C:\PROGRAM FILES (X86)\INTEL\INTEL(R) MANAGEMENT ENGINE COMPONENTS\DAL;C:\PROGRAM FILES (X86)\INTEL\INTEL(R) MANAGEMENT ENGINE COMPONENTS\IPT;C:\PROGRAM FILES\SONY\VAIO IMPROVEMENT;C:\PROGRAM FILES (X86)\SONY\VAIO BIOS DATA TRANSFER UTILITY\;C:\PROGRAM FILES (X86)\SONY\VAIO STARTUP SETTING TOOL;C:\Program Files\WIDCOMM\Bluetooth Software\;C:\Program Files\WIDCOMM\Bluetooth Software\syswow64;C:\WINDOWS\system32;C:\WINDOWS;C:\WINDOWS\System32\Wbem;C:\WINDOWS\System32\WindowsPowerShell\v1.0\;C:\Program Files (x86)\Skype\Phone\;C:\Program Files\TortoiseSVN\bin;C:\HaxeToolkit\haxe\;C:\HaxeToolkit\neko;C:\Program Files (x86)\Brackets\command;C:\Program Files\nodejs\;C:\Program Files (x86)\Android\android-sdk\platform-tools;;C:\Program Files (x86)\Microsoft VS Code\bin;C:\Users\Seibe\AppData\Roaming\npm;C:\Program Files (x86)\NSIS
10 verbose lifecycle speech-kurento-client@1.0.0~server: CWD: C:\Users\Seibe\Documents\GitHub\Speech\KurentoClient
11 silly lifecycle speech-kurento-client@1.0.0~server: Args: [ '/d /s /c', 'mkdirp ./bin/file && node ./bin/app.js' ]
12 silly lifecycle speech-kurento-client@1.0.0~server: Returned: code: 1  signal: null
13 info lifecycle speech-kurento-client@1.0.0~server: Failed to exec server script
14 verbose stack Error: speech-kurento-client@1.0.0 server: `mkdirp ./bin/file && node ./bin/app.js`
14 verbose stack Exit status 1
14 verbose stack     at EventEmitter.<anonymous> (C:\Program Files\nodejs\node_modules\npm\lib\utils\lifecycle.js:232:16)
14 verbose stack     at emitTwo (events.js:87:13)
14 verbose stack     at EventEmitter.emit (events.js:172:7)
14 verbose stack     at ChildProcess.<anonymous> (C:\Program Files\nodejs\node_modules\npm\lib\utils\spawn.js:24:14)
14 verbose stack     at emitTwo (events.js:87:13)
14 verbose stack     at ChildProcess.emit (events.js:172:7)
14 verbose stack     at maybeClose (internal/child_process.js:818:16)
14 verbose stack     at Process.ChildProcess._handle.onexit (internal/child_process.js:211:5)
15 verbose pkgid speech-kurento-client@1.0.0
16 verbose cwd C:\Users\Seibe\Documents\GitHub\Speech\KurentoClient
17 error Windows_NT 10.0.10240
18 error argv "C:\\Program Files\\nodejs\\node.exe" "C:\\Program Files\\nodejs\\node_modules\\npm\\bin\\npm-cli.js" "run" "server"
19 error node v4.2.1
20 error npm  v3.4.0
21 error code ELIFECYCLE
22 error speech-kurento-client@1.0.0 server: `mkdirp ./bin/file && node ./bin/app.js`
22 error Exit status 1
23 error Failed at the speech-kurento-client@1.0.0 server script 'mkdirp ./bin/file && node ./bin/app.js'.
23 error Make sure you have the latest version of node.js and npm installed.
23 error If you do, this is most likely a problem with the speech-kurento-client package,
23 error not with npm itself.
23 error Tell the author that this fails on your system:
23 error     mkdirp ./bin/file && node ./bin/app.js
23 error You can get their info via:
23 error     npm owner ls speech-kurento-client
23 error There is likely additional logging output above.
24 verbose exit [ 1, true ]
